TGuardianNarratives
v7
r2
t314402154.557094
cCheck dependencies
cProcessPCH /var/folders/Vz/VzgzGfVSEgS4G-udQ8Rj5k+++TI/-Caches-/com.apple.Xcode.501/SharedPrecompiledHeaders/GuardianNarratives_Prefix-eplgnqeyfpzmovebmsiguslmjuci/GuardianNarratives_Prefix.pch.gch GuardianNarratives_Prefix.pch normal i386 objective-c com.apple.compilers.gcc.4_2
cCompileC build/GuardianNarratives.build/Debug-iphonesimulator/GuardianNarratives.build/Objects-normal/i386/GuardianNarrativesViewController.o /Developer/Projects/iPad/GuardianNarratives/Classes/GuardianNarrativesViewController.m normal i386 objective-c com.apple.compilers.gcc.4_2

N/Developer/Platforms/iPhoneSimulator.platform/Developer/SDKs/iPhoneSimulator4.2.sdk
c000000004CC128950000000000000110
t1287727253
s272

N/Developer/Platforms/iPhoneSimulator.platform/Developer/SDKs/iPhoneSimulator4.2.sdk/System/Library/Frameworks/CoreGraphics.framework/CoreGraphics
c000000004CC12246000000000029B310
t1287725638
s2732816

N/Developer/Platforms/iPhoneSimulator.platform/Developer/SDKs/iPhoneSimulator4.2.sdk/System/Library/Frameworks/Foundation.framework/Foundation
c000000004CC1226D000000000029D5D0
t1287725677
s2741712

N/Developer/Platforms/iPhoneSimulator.platform/Developer/SDKs/iPhoneSimulator4.2.sdk/System/Library/Frameworks/Foundation.framework/Headers/Foundation.h
c000000004CC1225F0000000000001466
t1287725663
s5222

N/Developer/Platforms/iPhoneSimulator.platform/Developer/SDKs/iPhoneSimulator4.2.sdk/System/Library/Frameworks/UIKit.framework/Headers/UIKit.h
c000000004CC1281F0000000000000AA1
t1287727135
s2721

N/Developer/Platforms/iPhoneSimulator.platform/Developer/SDKs/iPhoneSimulator4.2.sdk/System/Library/Frameworks/UIKit.framework/UIKit
c000000004CC12883000000000074D7B0
t1287727235
s7657392

N/Developer/Projects/iPad/GuardianNarratives/Classes/ASyncDownloadOperation.h
c000000004D0B7B870000000000000373
t1292598151
s883
i<Foundation/Foundation.h>

N/Developer/Projects/iPad/GuardianNarratives/Classes/ASyncDownloadOperation.m
c000000004D0B785D0000000000000B71
t1292597341
s2929
i"ASyncDownloadOperation.h"
i"JSON.h"

N/Developer/Projects/iPad/GuardianNarratives/Classes/ASyncJSONDownloadOperation.h
c000000004D0B78B7000000000000013C
t1292597431
s316
i<Foundation/Foundation.h>
i"ASyncDownloadOperation.h"

N/Developer/Projects/iPad/GuardianNarratives/Classes/ASyncJSONDownloadOperation.m
c000000004D0B7B7D0000000000000419
t1292598141
s1049
i"ASyncJSONDownloadOperation.h"
i"JSON.h"

N/Developer/Projects/iPad/GuardianNarratives/Classes/ASyncJSONDownloader.h
c000000004D0B78F20000000000000296
t1292597490
s662
i<Foundation/Foundation.h>
i"ASyncJSONDownloadOperation.h"

N/Developer/Projects/iPad/GuardianNarratives/Classes/ASyncJSONDownloader.m
c000000004D0B78F60000000000000882
t1292597494
s2178
i"ASyncJSONDownloader.h"

N/Developer/Projects/iPad/GuardianNarratives/Classes/GuardianNarrativesAppDelegate.h
c000000004D0BAC0C0000000000000225
t1292610572
s549
i<UIKit/UIKit.h>

N/Developer/Projects/iPad/GuardianNarratives/Classes/GuardianNarrativesAppDelegate.m
c000000004D0BAC0C00000000000007EF
t1292610572
s2031
i"GuardianNarrativesAppDelegate.h"
i"GuardianNarrativesViewController.h"

N/Developer/Projects/iPad/GuardianNarratives/Classes/GuardianNarrativesViewController.h
c000000004D0D2C9C00000000000003B0
t1292709020
s944
i<UIKit/UIKit.h>
i"ASyncJSONDownloader.h"

N/Developer/Projects/iPad/GuardianNarratives/Classes/GuardianNarrativesViewController.m
c000000004D0D2DE40000000000000D75
t1292709348
s3445
i"GuardianNarrativesViewController.h"

N/Developer/Projects/iPad/GuardianNarratives/Classes/JSON/JSON.h
c000000004D09F9B00000000000000AC5
t1292499376
s2757
i"SBJsonParser.h"
i"SBJsonWriter.h"
i"NSObject+SBJSON.h"
i"NSString+SBJSON.h"
i<JSON/SBJsonParser.h>
i<JSON/SBJsonWriter.h>
i<JSON/NSObject+SBJSON.h>
i<JSON/NSString+SBJSON.h>

N/Developer/Projects/iPad/GuardianNarratives/Classes/JSON/NSObject+SBJSON.h
c000000004C9CD0E6000000000000085F
t1285345510
s2143
i<Foundation/Foundation.h>

N/Developer/Projects/iPad/GuardianNarratives/Classes/JSON/NSObject+SBJSON.m
c000000004C9CD0E6000000000000077D
t1285345510
s1917
i"NSObject+SBJSON.h"
i"SBJsonWriter.h"

N/Developer/Projects/iPad/GuardianNarratives/Classes/JSON/NSString+SBJSON.h
c000000004C9CD0E600000000000007F0
t1285345510
s2032
i<Foundation/Foundation.h>

N/Developer/Projects/iPad/GuardianNarratives/Classes/JSON/NSString+SBJSON.m
c000000004C9CD0E6000000000000075D
t1285345510
s1885
i"NSString+SBJSON.h"
i"SBJsonParser.h"

N/Developer/Projects/iPad/GuardianNarratives/Classes/JSON/SBJsonBase.h
c000000004C9CD0E60000000000000B82
t1285345510
s2946
i<Foundation/Foundation.h>

N/Developer/Projects/iPad/GuardianNarratives/Classes/JSON/SBJsonBase.m
c000000004C9CD0E60000000000000AC1
t1285345510
s2753
i"SBJsonBase.h"

N/Developer/Projects/iPad/GuardianNarratives/Classes/JSON/SBJsonParser.h
c000000004C9CD0E60000000000000C8F
t1285345510
s3215
i<Foundation/Foundation.h>
i"SBJsonBase.h"

N/Developer/Projects/iPad/GuardianNarratives/Classes/JSON/SBJsonParser.m
c000000004C9CD0E60000000000003B7A
t1285345510
s15226
i"SBJsonParser.h"

N/Developer/Projects/iPad/GuardianNarratives/Classes/JSON/SBJsonWriter.h
c000000004C9CD0E600000000000011D9
t1285345510
s4569
i<Foundation/Foundation.h>
i"SBJsonBase.h"

N/Developer/Projects/iPad/GuardianNarratives/Classes/JSON/SBJsonWriter.m
c000000004C9CD0E6000000000000206D
t1285345510
s8301
i"SBJsonWriter.h"

N/Developer/Projects/iPad/GuardianNarratives/GuardianNarrativesViewController.xib
c000000004D0D2BAC0000000000008358
t1292708780
s33624

N/Developer/Projects/iPad/GuardianNarratives/GuardianNarratives_Prefix.pch
c000000004D0BAC0C00000000000000CD
t1292610572
s205
i<Foundation/Foundation.h>
i<UIKit/UIKit.h>

N/Developer/Projects/iPad/GuardianNarratives/MainWindow.xib
c000000004D0BAC0C0000000000004D77
t1292610572
s19831

N/Developer/Projects/iPad/GuardianNarratives/build/Debug-iphonesimulator/GuardianNarratives.app
t2
s0

N/Developer/Projects/iPad/GuardianNarratives/build/Debug-iphonesimulator/GuardianNarratives.app.dSYM
t2
s0

N/Developer/Projects/iPad/GuardianNarratives/build/Debug-iphonesimulator/GuardianNarratives.app/GuardianNarratives
t2
s0

N/Developer/Projects/iPad/GuardianNarratives/build/Debug-iphonesimulator/GuardianNarratives.app/GuardianNarrativesViewController.nib
t2
s0

N/Developer/Projects/iPad/GuardianNarratives/build/Debug-iphonesimulator/GuardianNarratives.app/Info.plist
t2
s0

N/Developer/Projects/iPad/GuardianNarratives/build/Debug-iphonesimulator/GuardianNarratives.app/MainWindow.nib
t2
s0

N/Developer/Projects/iPad/GuardianNarratives/build/Debug-iphonesimulator/GuardianNarratives.app/PkgInfo
t2
s0

N/Developer/Projects/iPad/GuardianNarratives/build/Debug-iphonesimulator/GuardianNarratives.app/guardian_logo.png
t2
s0

N/Developer/Projects/iPad/GuardianNarratives/build/GuardianNarratives.build/Debug-iphonesimulator/GuardianNarratives.build/Objects-normal/i386/ASyncDownloadOperation.o
t2
s0

N/Developer/Projects/iPad/GuardianNarratives/build/GuardianNarratives.build/Debug-iphonesimulator/GuardianNarratives.build/Objects-normal/i386/ASyncJSONDownloadOperation.o
t2
s0

N/Developer/Projects/iPad/GuardianNarratives/build/GuardianNarratives.build/Debug-iphonesimulator/GuardianNarratives.build/Objects-normal/i386/ASyncJSONDownloader.o
t2
s0

N/Developer/Projects/iPad/GuardianNarratives/build/GuardianNarratives.build/Debug-iphonesimulator/GuardianNarratives.build/Objects-normal/i386/GuardianNarratives.LinkFileList
c00000000000000000000000000000000
t2
s0

N/Developer/Projects/iPad/GuardianNarratives/build/GuardianNarratives.build/Debug-iphonesimulator/GuardianNarratives.build/Objects-normal/i386/GuardianNarrativesAppDelegate.o
t2
s0

N/Developer/Projects/iPad/GuardianNarratives/build/GuardianNarratives.build/Debug-iphonesimulator/GuardianNarratives.build/Objects-normal/i386/GuardianNarrativesViewController.o
t2
s0

N/Developer/Projects/iPad/GuardianNarratives/build/GuardianNarratives.build/Debug-iphonesimulator/GuardianNarratives.build/Objects-normal/i386/NSObject+SBJSON.o
t2
s0

N/Developer/Projects/iPad/GuardianNarratives/build/GuardianNarratives.build/Debug-iphonesimulator/GuardianNarratives.build/Objects-normal/i386/NSString+SBJSON.o
t2
s0

N/Developer/Projects/iPad/GuardianNarratives/build/GuardianNarratives.build/Debug-iphonesimulator/GuardianNarratives.build/Objects-normal/i386/SBJsonBase.o
t2
s0

N/Developer/Projects/iPad/GuardianNarratives/build/GuardianNarratives.build/Debug-iphonesimulator/GuardianNarratives.build/Objects-normal/i386/SBJsonParser.o
t2
s0

N/Developer/Projects/iPad/GuardianNarratives/build/GuardianNarratives.build/Debug-iphonesimulator/GuardianNarratives.build/Objects-normal/i386/SBJsonWriter.o
t2
s0

N/Developer/Projects/iPad/GuardianNarratives/build/GuardianNarratives.build/Debug-iphonesimulator/GuardianNarratives.build/Objects-normal/i386/main.o
t2
s0

N/Developer/Projects/iPad/GuardianNarratives/guardian_logo.png
c000000004D0CDC62000000000000079B
t1292688482
s1947

N/Developer/Projects/iPad/GuardianNarratives/main.m
c000000004D0BAC0C0000000000000178
t1292610572
s376
i<UIKit/UIKit.h>

N/var/folders/Vz/VzgzGfVSEgS4G-udQ8Rj5k+++TI/-Caches-/com.apple.Xcode.501/SharedPrecompiledHeaders/GuardianNarratives_Prefix-eplgnqeyfpzmovebmsiguslmjuci/GuardianNarratives_Prefix.pch.gch
t1292709354
s15453392

NGuardianNarratives-Info.plist
c000000004D0BAC0C00000000000004D6
t1292610572
s1238

CCheck dependencies
r0
lSLF07#2@18"Check dependencies314402153#314402153#0(0"0(0#1#0"8621520096#0"0#

CCompileC build/GuardianNarratives.build/Debug-iphonesimulator/GuardianNarratives.build/Objects-normal/i386/ASyncDownloadOperation.o /Developer/Projects/iPad/GuardianNarratives/Classes/ASyncDownloadOperation.m normal i386 objective-c com.apple.compilers.gcc.4_2
s314390719.631905
e314390719.720256
r1
xCompileC
xbuild/GuardianNarratives.build/Debug-iphonesimulator/GuardianNarratives.build/Objects-normal/i386/ASyncDownloadOperation.o
x/Developer/Projects/iPad/GuardianNarratives/Classes/ASyncDownloadOperation.m
xnormal
xi386
xobjective-c
xcom.apple.compilers.gcc.4_2
lSLF07#2@84"Compile /Developer/Projects/iPad/GuardianNarratives/Classes/ASyncDownloadOperation.m314390719#314390719#0(0"0(0#0#76"/Developer/Projects/iPad/GuardianNarratives/Classes/ASyncDownloadOperation.m8628280480#2233"    cd /Developer/Projects/iPad/GuardianNarratives    setenv LANG en_US.US-ASCII    setenv PATH "/Developer/Platforms/iPhoneSimulator.platform/Developer/usr/bin:/Developer/usr/bin:/usr/bin:/bin:/usr/sbin:/sbin"    /Developer/Platforms/iPhoneSimulator.platform/Developer/usr/bin/gcc-4.2 -x objective-c -arch i386 -fmessage-length=0 -pipe -std=c99 -Wno-trigraphs -fpascal-strings -fasm-blocks -O0 -Wreturn-type -Wunused-variable -isysroot /Developer/Platforms/iPhoneSimulator.platform/Developer/SDKs/iPhoneSimulator4.2.sdk -fexceptions -fvisibility=hidden -mmacosx-version-min=10.6 -gdwarf-2 -fobjc-abi-version=2 -fobjc-legacy-dispatch -D__IPHONE_OS_VERSION_MIN_REQUIRED=40200 -iquote /Developer/Projects/iPad/GuardianNarratives/build/GuardianNarratives.build/Debug-iphonesimulator/GuardianNarratives.build/GuardianNarratives-generated-files.hmap -I/Developer/Projects/iPad/GuardianNarratives/build/GuardianNarratives.build/Debug-iphonesimulator/GuardianNarratives.build/GuardianNarratives-own-target-headers.hmap -I/Developer/Projects/iPad/GuardianNarratives/build/GuardianNarratives.build/Debug-iphonesimulator/GuardianNarratives.build/GuardianNarratives-all-target-headers.hmap -iquote /Developer/Projects/iPad/GuardianNarratives/build/GuardianNarratives.build/Debug-iphonesimulator/GuardianNarratives.build/GuardianNarratives-project-headers.hmap -F/Developer/Projects/iPad/GuardianNarratives/build/Debug-iphonesimulator -I/Developer/Projects/iPad/GuardianNarratives/build/Debug-iphonesimulator/include -I/Developer/Projects/iPad/GuardianNarratives/build/GuardianNarratives.build/Debug-iphonesimulator/GuardianNarratives.build/DerivedSources/i386 -I/Developer/Projects/iPad/GuardianNarratives/build/GuardianNarratives.build/Debug-iphonesimulator/GuardianNarratives.build/DerivedSources -include /var/folders/Vz/VzgzGfVSEgS4G-udQ8Rj5k+++TI/-Caches-/com.apple.Xcode.501/SharedPrecompiledHeaders/GuardianNarratives_Prefix-eplgnqeyfpzmovebmsiguslmjuci/GuardianNarratives_Prefix.pch -c /Developer/Projects/iPad/GuardianNarratives/Classes/ASyncDownloadOperation.m -o /Developer/Projects/iPad/GuardianNarratives/build/GuardianNarratives.build/Debug-iphonesimulator/GuardianNarratives.build/Objects-normal/i386/ASyncDownloadOperation.o0#

CCompileC build/GuardianNarratives.build/Debug-iphonesimulator/GuardianNarratives.build/Objects-normal/i386/ASyncJSONDownloadOperation.o /Developer/Projects/iPad/GuardianNarratives/Classes/ASyncJSONDownloadOperation.m normal i386 objective-c com.apple.compilers.gcc.4_2
s314390719.720355
e314390719.793586
r1
xCompileC
xbuild/GuardianNarratives.build/Debug-iphonesimulator/GuardianNarratives.build/Objects-normal/i386/ASyncJSONDownloadOperation.o
x/Developer/Projects/iPad/GuardianNarratives/Classes/ASyncJSONDownloadOperation.m
xnormal
xi386
xobjective-c
xcom.apple.compilers.gcc.4_2
lSLF07#2@88"Compile /Developer/Projects/iPad/GuardianNarratives/Classes/ASyncJSONDownloadOperation.m314390719#314390719#0(0"0(0#0#80"/Developer/Projects/iPad/GuardianNarratives/Classes/ASyncJSONDownloadOperation.m8617523616#2241"    cd /Developer/Projects/iPad/GuardianNarratives    setenv LANG en_US.US-ASCII    setenv PATH "/Developer/Platforms/iPhoneSimulator.platform/Developer/usr/bin:/Developer/usr/bin:/usr/bin:/bin:/usr/sbin:/sbin"    /Developer/Platforms/iPhoneSimulator.platform/Developer/usr/bin/gcc-4.2 -x objective-c -arch i386 -fmessage-length=0 -pipe -std=c99 -Wno-trigraphs -fpascal-strings -fasm-blocks -O0 -Wreturn-type -Wunused-variable -isysroot /Developer/Platforms/iPhoneSimulator.platform/Developer/SDKs/iPhoneSimulator4.2.sdk -fexceptions -fvisibility=hidden -mmacosx-version-min=10.6 -gdwarf-2 -fobjc-abi-version=2 -fobjc-legacy-dispatch -D__IPHONE_OS_VERSION_MIN_REQUIRED=40200 -iquote /Developer/Projects/iPad/GuardianNarratives/build/GuardianNarratives.build/Debug-iphonesimulator/GuardianNarratives.build/GuardianNarratives-generated-files.hmap -I/Developer/Projects/iPad/GuardianNarratives/build/GuardianNarratives.build/Debug-iphonesimulator/GuardianNarratives.build/GuardianNarratives-own-target-headers.hmap -I/Developer/Projects/iPad/GuardianNarratives/build/GuardianNarratives.build/Debug-iphonesimulator/GuardianNarratives.build/GuardianNarratives-all-target-headers.hmap -iquote /Developer/Projects/iPad/GuardianNarratives/build/GuardianNarratives.build/Debug-iphonesimulator/GuardianNarratives.build/GuardianNarratives-project-headers.hmap -F/Developer/Projects/iPad/GuardianNarratives/build/Debug-iphonesimulator -I/Developer/Projects/iPad/GuardianNarratives/build/Debug-iphonesimulator/include -I/Developer/Projects/iPad/GuardianNarratives/build/GuardianNarratives.build/Debug-iphonesimulator/GuardianNarratives.build/DerivedSources/i386 -I/Developer/Projects/iPad/GuardianNarratives/build/GuardianNarratives.build/Debug-iphonesimulator/GuardianNarratives.build/DerivedSources -include /var/folders/Vz/VzgzGfVSEgS4G-udQ8Rj5k+++TI/-Caches-/com.apple.Xcode.501/SharedPrecompiledHeaders/GuardianNarratives_Prefix-eplgnqeyfpzmovebmsiguslmjuci/GuardianNarratives_Prefix.pch -c /Developer/Projects/iPad/GuardianNarratives/Classes/ASyncJSONDownloadOperation.m -o /Developer/Projects/iPad/GuardianNarratives/build/GuardianNarratives.build/Debug-iphonesimulator/GuardianNarratives.build/Objects-normal/i386/ASyncJSONDownloadOperation.o0#

CCompileC build/GuardianNarratives.build/Debug-iphonesimulator/GuardianNarratives.build/Objects-normal/i386/ASyncJSONDownloader.o /Developer/Projects/iPad/GuardianNarratives/Classes/ASyncJSONDownloader.m normal i386 objective-c com.apple.compilers.gcc.4_2
s314390719.636043
e314390719.724009
r1
xCompileC
xbuild/GuardianNarratives.build/Debug-iphonesimulator/GuardianNarratives.build/Objects-normal/i386/ASyncJSONDownloader.o
x/Developer/Projects/iPad/GuardianNarratives/Classes/ASyncJSONDownloader.m
xnormal
xi386
xobjective-c
xcom.apple.compilers.gcc.4_2
lSLF07#2@81"Compile /Developer/Projects/iPad/GuardianNarratives/Classes/ASyncJSONDownloader.m314390719#314390719#0(0"0(0#0#73"/Developer/Projects/iPad/GuardianNarratives/Classes/ASyncJSONDownloader.m8625138720#2227"    cd /Developer/Projects/iPad/GuardianNarratives    setenv LANG en_US.US-ASCII    setenv PATH "/Developer/Platforms/iPhoneSimulator.platform/Developer/usr/bin:/Developer/usr/bin:/usr/bin:/bin:/usr/sbin:/sbin"    /Developer/Platforms/iPhoneSimulator.platform/Developer/usr/bin/gcc-4.2 -x objective-c -arch i386 -fmessage-length=0 -pipe -std=c99 -Wno-trigraphs -fpascal-strings -fasm-blocks -O0 -Wreturn-type -Wunused-variable -isysroot /Developer/Platforms/iPhoneSimulator.platform/Developer/SDKs/iPhoneSimulator4.2.sdk -fexceptions -fvisibility=hidden -mmacosx-version-min=10.6 -gdwarf-2 -fobjc-abi-version=2 -fobjc-legacy-dispatch -D__IPHONE_OS_VERSION_MIN_REQUIRED=40200 -iquote /Developer/Projects/iPad/GuardianNarratives/build/GuardianNarratives.build/Debug-iphonesimulator/GuardianNarratives.build/GuardianNarratives-generated-files.hmap -I/Developer/Projects/iPad/GuardianNarratives/build/GuardianNarratives.build/Debug-iphonesimulator/GuardianNarratives.build/GuardianNarratives-own-target-headers.hmap -I/Developer/Projects/iPad/GuardianNarratives/build/GuardianNarratives.build/Debug-iphonesimulator/GuardianNarratives.build/GuardianNarratives-all-target-headers.hmap -iquote /Developer/Projects/iPad/GuardianNarratives/build/GuardianNarratives.build/Debug-iphonesimulator/GuardianNarratives.build/GuardianNarratives-project-headers.hmap -F/Developer/Projects/iPad/GuardianNarratives/build/Debug-iphonesimulator -I/Developer/Projects/iPad/GuardianNarratives/build/Debug-iphonesimulator/include -I/Developer/Projects/iPad/GuardianNarratives/build/GuardianNarratives.build/Debug-iphonesimulator/GuardianNarratives.build/DerivedSources/i386 -I/Developer/Projects/iPad/GuardianNarratives/build/GuardianNarratives.build/Debug-iphonesimulator/GuardianNarratives.build/DerivedSources -include /var/folders/Vz/VzgzGfVSEgS4G-udQ8Rj5k+++TI/-Caches-/com.apple.Xcode.501/SharedPrecompiledHeaders/GuardianNarratives_Prefix-eplgnqeyfpzmovebmsiguslmjuci/GuardianNarratives_Prefix.pch -c /Developer/Projects/iPad/GuardianNarratives/Classes/ASyncJSONDownloader.m -o /Developer/Projects/iPad/GuardianNarratives/build/GuardianNarratives.build/Debug-iphonesimulator/GuardianNarratives.build/Objects-normal/i386/ASyncJSONDownloader.o0#

CCompileC build/GuardianNarratives.build/Debug-iphonesimulator/GuardianNarratives.build/Objects-normal/i386/GuardianNarrativesAppDelegate.o /Developer/Projects/iPad/GuardianNarratives/Classes/GuardianNarrativesAppDelegate.m normal i386 objective-c com.apple.compilers.gcc.4_2
s314401864.536328
e314401864.612128
r1
xCompileC
xbuild/GuardianNarratives.build/Debug-iphonesimulator/GuardianNarratives.build/Objects-normal/i386/GuardianNarrativesAppDelegate.o
x/Developer/Projects/iPad/GuardianNarratives/Classes/GuardianNarrativesAppDelegate.m
xnormal
xi386
xobjective-c
xcom.apple.compilers.gcc.4_2
lSLF07#2@91"Compile /Developer/Projects/iPad/GuardianNarratives/Classes/GuardianNarrativesAppDelegate.m314401864#314401864#0(0"0(0#0#83"/Developer/Projects/iPad/GuardianNarratives/Classes/GuardianNarrativesAppDelegate.m8622574560#2247"    cd /Developer/Projects/iPad/GuardianNarratives    setenv LANG en_US.US-ASCII    setenv PATH "/Developer/Platforms/iPhoneSimulator.platform/Developer/usr/bin:/Developer/usr/bin:/usr/bin:/bin:/usr/sbin:/sbin"    /Developer/Platforms/iPhoneSimulator.platform/Developer/usr/bin/gcc-4.2 -x objective-c -arch i386 -fmessage-length=0 -pipe -std=c99 -Wno-trigraphs -fpascal-strings -fasm-blocks -O0 -Wreturn-type -Wunused-variable -isysroot /Developer/Platforms/iPhoneSimulator.platform/Developer/SDKs/iPhoneSimulator4.2.sdk -fexceptions -fvisibility=hidden -mmacosx-version-min=10.6 -gdwarf-2 -fobjc-abi-version=2 -fobjc-legacy-dispatch -D__IPHONE_OS_VERSION_MIN_REQUIRED=40200 -iquote /Developer/Projects/iPad/GuardianNarratives/build/GuardianNarratives.build/Debug-iphonesimulator/GuardianNarratives.build/GuardianNarratives-generated-files.hmap -I/Developer/Projects/iPad/GuardianNarratives/build/GuardianNarratives.build/Debug-iphonesimulator/GuardianNarratives.build/GuardianNarratives-own-target-headers.hmap -I/Developer/Projects/iPad/GuardianNarratives/build/GuardianNarratives.build/Debug-iphonesimulator/GuardianNarratives.build/GuardianNarratives-all-target-headers.hmap -iquote /Developer/Projects/iPad/GuardianNarratives/build/GuardianNarratives.build/Debug-iphonesimulator/GuardianNarratives.build/GuardianNarratives-project-headers.hmap -F/Developer/Projects/iPad/GuardianNarratives/build/Debug-iphonesimulator -I/Developer/Projects/iPad/GuardianNarratives/build/Debug-iphonesimulator/include -I/Developer/Projects/iPad/GuardianNarratives/build/GuardianNarratives.build/Debug-iphonesimulator/GuardianNarratives.build/DerivedSources/i386 -I/Developer/Projects/iPad/GuardianNarratives/build/GuardianNarratives.build/Debug-iphonesimulator/GuardianNarratives.build/DerivedSources -include /var/folders/Vz/VzgzGfVSEgS4G-udQ8Rj5k+++TI/-Caches-/com.apple.Xcode.501/SharedPrecompiledHeaders/GuardianNarratives_Prefix-eplgnqeyfpzmovebmsiguslmjuci/GuardianNarratives_Prefix.pch -c /Developer/Projects/iPad/GuardianNarratives/Classes/GuardianNarrativesAppDelegate.m -o /Developer/Projects/iPad/GuardianNarratives/build/GuardianNarratives.build/Debug-iphonesimulator/GuardianNarratives.build/Objects-normal/i386/GuardianNarrativesAppDelegate.o0#

CCompileC build/GuardianNarratives.build/Debug-iphonesimulator/GuardianNarratives.build/Objects-normal/i386/GuardianNarrativesViewController.o /Developer/Projects/iPad/GuardianNarratives/Classes/GuardianNarrativesViewController.m normal i386 objective-c com.apple.compilers.gcc.4_2
s314402154.501105
e314402154.557029
r0
xCompileC
xbuild/GuardianNarratives.build/Debug-iphonesimulator/GuardianNarratives.build/Objects-normal/i386/GuardianNarrativesViewController.o
x/Developer/Projects/iPad/GuardianNarratives/Classes/GuardianNarrativesViewController.m
xnormal
xi386
xobjective-c
xcom.apple.compilers.gcc.4_2
o/Developer/Projects/iPad/GuardianNarratives/Classes/GuardianNarrativesViewController.m: In function '-[GuardianNarrativesViewController aSyncJSONDownloadDidFinishWithObject:userInfo:]':
o/Developer/Projects/iPad/GuardianNarratives/Classes/GuardianNarrativesViewController.m:27: error: 'tableView' undeclared (first use in this function)
o/Developer/Projects/iPad/GuardianNarratives/Classes/GuardianNarrativesViewController.m:27: error: (Each undeclared identifier is reported only once
o/Developer/Projects/iPad/GuardianNarratives/Classes/GuardianNarrativesViewController.m:27: error: for each function it appears in.)
o/Developer/Projects/iPad/GuardianNarratives/Classes/GuardianNarrativesViewController.m: In function '-[GuardianNarrativesViewController tableView:numberOfRowsInSection:]':
o/Developer/Projects/iPad/GuardianNarratives/Classes/GuardianNarrativesViewController.m:56: warning: 'NSObject' may not respond to '-allKeys'
o/Developer/Projects/iPad/GuardianNarratives/Classes/GuardianNarrativesViewController.m:56: warning: (Messages without a matching method signature
o/Developer/Projects/iPad/GuardianNarratives/Classes/GuardianNarrativesViewController.m:56: warning: will be assumed to return 'id' and accept
o/Developer/Projects/iPad/GuardianNarratives/Classes/GuardianNarrativesViewController.m:56: warning: '...' as arguments.)
o/Developer/Projects/iPad/GuardianNarratives/Classes/GuardianNarrativesViewController.m: At top level:
o/Developer/Projects/iPad/GuardianNarratives/Classes/GuardianNarrativesViewController.m:121: warning: incomplete implementation of class 'GuardianNarrativesViewController'
o/Developer/Projects/iPad/GuardianNarratives/Classes/GuardianNarrativesViewController.m:121: warning: method definition for '-aSyncDownloadDidFinishWithObject:userInfo:' not found
o/Developer/Projects/iPad/GuardianNarratives/Classes/GuardianNarrativesViewController.m:121: warning: class 'GuardianNarrativesViewController' does not fully implement the 'ASyncDownloadOperationDelegate' protocol
lSLF07#2@94"Compile /Developer/Projects/iPad/GuardianNarratives/Classes/GuardianNarrativesViewController.m314402154#314402154#0(2003"/Developer/Projects/iPad/GuardianNarratives/Classes/GuardianNarrativesViewController.m: In function '-[GuardianNarrativesViewController aSyncJSONDownloadDidFinishWithObject:userInfo:]':/Developer/Projects/iPad/GuardianNarratives/Classes/GuardianNarrativesViewController.m:27: error: 'tableView' undeclared (first use in this function)/Developer/Projects/iPad/GuardianNarratives/Classes/GuardianNarrativesViewController.m:27: error: (Each undeclared identifier is reported only once/Developer/Projects/iPad/GuardianNarratives/Classes/GuardianNarrativesViewController.m:27: error: for each function it appears in.)/Developer/Projects/iPad/GuardianNarratives/Classes/GuardianNarrativesViewController.m: In function '-[GuardianNarrativesViewController tableView:numberOfRowsInSection:]':/Developer/Projects/iPad/GuardianNarratives/Classes/GuardianNarrativesViewController.m:56: warning: 'NSObject' may not respond to '-allKeys'/Developer/Projects/iPad/GuardianNarratives/Classes/GuardianNarrativesViewController.m:56: warning: (Messages without a matching method signature/Developer/Projects/iPad/GuardianNarratives/Classes/GuardianNarrativesViewController.m:56: warning: will be assumed to return 'id' and accept/Developer/Projects/iPad/GuardianNarratives/Classes/GuardianNarrativesViewController.m:56: warning: '...' as arguments.)/Developer/Projects/iPad/GuardianNarratives/Classes/GuardianNarrativesViewController.m: At top level:/Developer/Projects/iPad/GuardianNarratives/Classes/GuardianNarrativesViewController.m:121: warning: incomplete implementation of class 'GuardianNarrativesViewController'/Developer/Projects/iPad/GuardianNarratives/Classes/GuardianNarrativesViewController.m:121: warning: method definition for '-aSyncDownloadDidFinishWithObject:userInfo:' not found/Developer/Projects/iPad/GuardianNarratives/Classes/GuardianNarrativesViewController.m:121: warning: class 'GuardianNarrativesViewController' does not fully implement the 'ASyncDownloadOperationDelegate' protocol7(4@51"'tableView' undeclared (first use in this function)314402154#186#150#0(6@86"/Developer/Projects/iPad/GuardianNarratives/Classes/GuardianNarrativesViewController.m314402148#27#0#27#0#43"'*' undeclared (first use in this function)0(22@40"'NSObject' may not respond to '-allKeys'314402154#788#141#0(6@86"/Developer/Projects/iPad/GuardianNarratives/Classes/GuardianNarrativesViewController.m314402148#56#0#56#0#26"'*' may not respond to '*'0(13@108"(Messages without a matching method signature will be assumed to return 'id' and accept '...' as arguments.)314402154#929#146#0(6@86"/Developer/Projects/iPad/GuardianNarratives/Classes/GuardianNarrativesViewController.m314402148#56#0#56#0#0"0(23@13"At top level:314402154#1338#102#0(6@86"/Developer/Projects/iPad/GuardianNarratives/Classes/GuardianNarrativesViewController.m314402148#0#0#0#0#0"0(22@69"Incomplete implementation of class 'GuardianNarrativesViewController'314402154#1440#171#0(6@86"/Developer/Projects/iPad/GuardianNarratives/Classes/GuardianNarrativesViewController.m314402148#121#0#121#0#38"incomplete implementation of class '*'0(22@77"Method definition for '-aSyncDownloadDidFinishWithObject:userInfo:' not found314402154#1611#179#0(6@86"/Developer/Projects/iPad/GuardianNarratives/Classes/GuardianNarrativesViewController.m314402148#121#0#121#0#35"method definition for '*' not found0(22@111"Class 'GuardianNarrativesViewController' does not fully implement the 'ASyncDownloadOperationDelegate' protocol314402154#1790#213#0(6@86"/Developer/Projects/iPad/GuardianNarratives/Classes/GuardianNarrativesViewController.m314402148#121#0#121#0#51"class '*' does not fully implement the '*' protocol0(0#0#86"/Developer/Projects/iPad/GuardianNarratives/Classes/GuardianNarrativesViewController.m8609344960#2253"    cd /Developer/Projects/iPad/GuardianNarratives    setenv LANG en_US.US-ASCII    setenv PATH "/Developer/Platforms/iPhoneSimulator.platform/Developer/usr/bin:/Developer/usr/bin:/usr/bin:/bin:/usr/sbin:/sbin"    /Developer/Platforms/iPhoneSimulator.platform/Developer/usr/bin/gcc-4.2 -x objective-c -arch i386 -fmessage-length=0 -pipe -std=c99 -Wno-trigraphs -fpascal-strings -fasm-blocks -O0 -Wreturn-type -Wunused-variable -isysroot /Developer/Platforms/iPhoneSimulator.platform/Developer/SDKs/iPhoneSimulator4.2.sdk -fexceptions -fvisibility=hidden -mmacosx-version-min=10.6 -gdwarf-2 -fobjc-abi-version=2 -fobjc-legacy-dispatch -D__IPHONE_OS_VERSION_MIN_REQUIRED=40200 -iquote /Developer/Projects/iPad/GuardianNarratives/build/GuardianNarratives.build/Debug-iphonesimulator/GuardianNarratives.build/GuardianNarratives-generated-files.hmap -I/Developer/Projects/iPad/GuardianNarratives/build/GuardianNarratives.build/Debug-iphonesimulator/GuardianNarratives.build/GuardianNarratives-own-target-headers.hmap -I/Developer/Projects/iPad/GuardianNarratives/build/GuardianNarratives.build/Debug-iphonesimulator/GuardianNarratives.build/GuardianNarratives-all-target-headers.hmap -iquote /Developer/Projects/iPad/GuardianNarratives/build/GuardianNarratives.build/Debug-iphonesimulator/GuardianNarratives.build/GuardianNarratives-project-headers.hmap -F/Developer/Projects/iPad/GuardianNarratives/build/Debug-iphonesimulator -I/Developer/Projects/iPad/GuardianNarratives/build/Debug-iphonesimulator/include -I/Developer/Projects/iPad/GuardianNarratives/build/GuardianNarratives.build/Debug-iphonesimulator/GuardianNarratives.build/DerivedSources/i386 -I/Developer/Projects/iPad/GuardianNarratives/build/GuardianNarratives.build/Debug-iphonesimulator/GuardianNarratives.build/DerivedSources -include /var/folders/Vz/VzgzGfVSEgS4G-udQ8Rj5k+++TI/-Caches-/com.apple.Xcode.501/SharedPrecompiledHeaders/GuardianNarratives_Prefix-eplgnqeyfpzmovebmsiguslmjuci/GuardianNarratives_Prefix.pch -c /Developer/Projects/iPad/GuardianNarratives/Classes/GuardianNarrativesViewController.m -o /Developer/Projects/iPad/GuardianNarratives/build/GuardianNarratives.build/Debug-iphonesimulator/GuardianNarratives.build/Objects-normal/i386/GuardianNarrativesViewController.o1#

CCompileC build/GuardianNarratives.build/Debug-iphonesimulator/GuardianNarratives.build/Objects-normal/i386/NSObject+SBJSON.o /Developer/Projects/iPad/GuardianNarratives/Classes/JSON/NSObject+SBJSON.m normal i386 objective-c com.apple.compilers.gcc.4_2
s314390719.724100
e314390719.795055
r1
xCompileC
xbuild/GuardianNarratives.build/Debug-iphonesimulator/GuardianNarratives.build/Objects-normal/i386/NSObject+SBJSON.o
x/Developer/Projects/iPad/GuardianNarratives/Classes/JSON/NSObject+SBJSON.m
xnormal
xi386
xobjective-c
xcom.apple.compilers.gcc.4_2
lSLF07#2@82"Compile /Developer/Projects/iPad/GuardianNarratives/Classes/JSON/NSObject+SBJSON.m314390719#314390719#0(0"0(0#0#74"/Developer/Projects/iPad/GuardianNarratives/Classes/JSON/NSObject+SBJSON.m8616595328#2224"    cd /Developer/Projects/iPad/GuardianNarratives    setenv LANG en_US.US-ASCII    setenv PATH "/Developer/Platforms/iPhoneSimulator.platform/Developer/usr/bin:/Developer/usr/bin:/usr/bin:/bin:/usr/sbin:/sbin"    /Developer/Platforms/iPhoneSimulator.platform/Developer/usr/bin/gcc-4.2 -x objective-c -arch i386 -fmessage-length=0 -pipe -std=c99 -Wno-trigraphs -fpascal-strings -fasm-blocks -O0 -Wreturn-type -Wunused-variable -isysroot /Developer/Platforms/iPhoneSimulator.platform/Developer/SDKs/iPhoneSimulator4.2.sdk -fexceptions -fvisibility=hidden -mmacosx-version-min=10.6 -gdwarf-2 -fobjc-abi-version=2 -fobjc-legacy-dispatch -D__IPHONE_OS_VERSION_MIN_REQUIRED=40200 -iquote /Developer/Projects/iPad/GuardianNarratives/build/GuardianNarratives.build/Debug-iphonesimulator/GuardianNarratives.build/GuardianNarratives-generated-files.hmap -I/Developer/Projects/iPad/GuardianNarratives/build/GuardianNarratives.build/Debug-iphonesimulator/GuardianNarratives.build/GuardianNarratives-own-target-headers.hmap -I/Developer/Projects/iPad/GuardianNarratives/build/GuardianNarratives.build/Debug-iphonesimulator/GuardianNarratives.build/GuardianNarratives-all-target-headers.hmap -iquote /Developer/Projects/iPad/GuardianNarratives/build/GuardianNarratives.build/Debug-iphonesimulator/GuardianNarratives.build/GuardianNarratives-project-headers.hmap -F/Developer/Projects/iPad/GuardianNarratives/build/Debug-iphonesimulator -I/Developer/Projects/iPad/GuardianNarratives/build/Debug-iphonesimulator/include -I/Developer/Projects/iPad/GuardianNarratives/build/GuardianNarratives.build/Debug-iphonesimulator/GuardianNarratives.build/DerivedSources/i386 -I/Developer/Projects/iPad/GuardianNarratives/build/GuardianNarratives.build/Debug-iphonesimulator/GuardianNarratives.build/DerivedSources -include /var/folders/Vz/VzgzGfVSEgS4G-udQ8Rj5k+++TI/-Caches-/com.apple.Xcode.501/SharedPrecompiledHeaders/GuardianNarratives_Prefix-eplgnqeyfpzmovebmsiguslmjuci/GuardianNarratives_Prefix.pch -c /Developer/Projects/iPad/GuardianNarratives/Classes/JSON/NSObject+SBJSON.m -o /Developer/Projects/iPad/GuardianNarratives/build/GuardianNarratives.build/Debug-iphonesimulator/GuardianNarratives.build/Objects-normal/i386/NSObject+SBJSON.o0#

CCompileC build/GuardianNarratives.build/Debug-iphonesimulator/GuardianNarratives.build/Objects-normal/i386/NSString+SBJSON.o /Developer/Projects/iPad/GuardianNarratives/Classes/JSON/NSString+SBJSON.m normal i386 objective-c com.apple.compilers.gcc.4_2
s314390719.793679
e314390719.857766
r1
xCompileC
xbuild/GuardianNarratives.build/Debug-iphonesimulator/GuardianNarratives.build/Objects-normal/i386/NSString+SBJSON.o
x/Developer/Projects/iPad/GuardianNarratives/Classes/JSON/NSString+SBJSON.m
xnormal
xi386
xobjective-c
xcom.apple.compilers.gcc.4_2
lSLF07#2@82"Compile /Developer/Projects/iPad/GuardianNarratives/Classes/JSON/NSString+SBJSON.m314390719#314390719#0(0"0(0#0#74"/Developer/Projects/iPad/GuardianNarratives/Classes/JSON/NSString+SBJSON.m8601745152#2224"    cd /Developer/Projects/iPad/GuardianNarratives    setenv LANG en_US.US-ASCII    setenv PATH "/Developer/Platforms/iPhoneSimulator.platform/Developer/usr/bin:/Developer/usr/bin:/usr/bin:/bin:/usr/sbin:/sbin"    /Developer/Platforms/iPhoneSimulator.platform/Developer/usr/bin/gcc-4.2 -x objective-c -arch i386 -fmessage-length=0 -pipe -std=c99 -Wno-trigraphs -fpascal-strings -fasm-blocks -O0 -Wreturn-type -Wunused-variable -isysroot /Developer/Platforms/iPhoneSimulator.platform/Developer/SDKs/iPhoneSimulator4.2.sdk -fexceptions -fvisibility=hidden -mmacosx-version-min=10.6 -gdwarf-2 -fobjc-abi-version=2 -fobjc-legacy-dispatch -D__IPHONE_OS_VERSION_MIN_REQUIRED=40200 -iquote /Developer/Projects/iPad/GuardianNarratives/build/GuardianNarratives.build/Debug-iphonesimulator/GuardianNarratives.build/GuardianNarratives-generated-files.hmap -I/Developer/Projects/iPad/GuardianNarratives/build/GuardianNarratives.build/Debug-iphonesimulator/GuardianNarratives.build/GuardianNarratives-own-target-headers.hmap -I/Developer/Projects/iPad/GuardianNarratives/build/GuardianNarratives.build/Debug-iphonesimulator/GuardianNarratives.build/GuardianNarratives-all-target-headers.hmap -iquote /Developer/Projects/iPad/GuardianNarratives/build/GuardianNarratives.build/Debug-iphonesimulator/GuardianNarratives.build/GuardianNarratives-project-headers.hmap -F/Developer/Projects/iPad/GuardianNarratives/build/Debug-iphonesimulator -I/Developer/Projects/iPad/GuardianNarratives/build/Debug-iphonesimulator/include -I/Developer/Projects/iPad/GuardianNarratives/build/GuardianNarratives.build/Debug-iphonesimulator/GuardianNarratives.build/DerivedSources/i386 -I/Developer/Projects/iPad/GuardianNarratives/build/GuardianNarratives.build/Debug-iphonesimulator/GuardianNarratives.build/DerivedSources -include /var/folders/Vz/VzgzGfVSEgS4G-udQ8Rj5k+++TI/-Caches-/com.apple.Xcode.501/SharedPrecompiledHeaders/GuardianNarratives_Prefix-eplgnqeyfpzmovebmsiguslmjuci/GuardianNarratives_Prefix.pch -c /Developer/Projects/iPad/GuardianNarratives/Classes/JSON/NSString+SBJSON.m -o /Developer/Projects/iPad/GuardianNarratives/build/GuardianNarratives.build/Debug-iphonesimulator/GuardianNarratives.build/Objects-normal/i386/NSString+SBJSON.o0#

CCompileC build/GuardianNarratives.build/Debug-iphonesimulator/GuardianNarratives.build/Objects-normal/i386/SBJsonBase.o /Developer/Projects/iPad/GuardianNarratives/Classes/JSON/SBJsonBase.m normal i386 objective-c com.apple.compilers.gcc.4_2
s314390713.669356
e314390713.730055
r1
xCompileC
xbuild/GuardianNarratives.build/Debug-iphonesimulator/GuardianNarratives.build/Objects-normal/i386/SBJsonBase.o
x/Developer/Projects/iPad/GuardianNarratives/Classes/JSON/SBJsonBase.m
xnormal
xi386
xobjective-c
xcom.apple.compilers.gcc.4_2
lSLF07#2@77"Compile /Developer/Projects/iPad/GuardianNarratives/Classes/JSON/SBJsonBase.m314390713#314390713#0(0"0(0#0#69"/Developer/Projects/iPad/GuardianNarratives/Classes/JSON/SBJsonBase.m8620764160#2214"    cd /Developer/Projects/iPad/GuardianNarratives    setenv LANG en_US.US-ASCII    setenv PATH "/Developer/Platforms/iPhoneSimulator.platform/Developer/usr/bin:/Developer/usr/bin:/usr/bin:/bin:/usr/sbin:/sbin"    /Developer/Platforms/iPhoneSimulator.platform/Developer/usr/bin/gcc-4.2 -x objective-c -arch i386 -fmessage-length=0 -pipe -std=c99 -Wno-trigraphs -fpascal-strings -fasm-blocks -O0 -Wreturn-type -Wunused-variable -isysroot /Developer/Platforms/iPhoneSimulator.platform/Developer/SDKs/iPhoneSimulator4.2.sdk -fexceptions -fvisibility=hidden -mmacosx-version-min=10.6 -gdwarf-2 -fobjc-abi-version=2 -fobjc-legacy-dispatch -D__IPHONE_OS_VERSION_MIN_REQUIRED=40200 -iquote /Developer/Projects/iPad/GuardianNarratives/build/GuardianNarratives.build/Debug-iphonesimulator/GuardianNarratives.build/GuardianNarratives-generated-files.hmap -I/Developer/Projects/iPad/GuardianNarratives/build/GuardianNarratives.build/Debug-iphonesimulator/GuardianNarratives.build/GuardianNarratives-own-target-headers.hmap -I/Developer/Projects/iPad/GuardianNarratives/build/GuardianNarratives.build/Debug-iphonesimulator/GuardianNarratives.build/GuardianNarratives-all-target-headers.hmap -iquote /Developer/Projects/iPad/GuardianNarratives/build/GuardianNarratives.build/Debug-iphonesimulator/GuardianNarratives.build/GuardianNarratives-project-headers.hmap -F/Developer/Projects/iPad/GuardianNarratives/build/Debug-iphonesimulator -I/Developer/Projects/iPad/GuardianNarratives/build/Debug-iphonesimulator/include -I/Developer/Projects/iPad/GuardianNarratives/build/GuardianNarratives.build/Debug-iphonesimulator/GuardianNarratives.build/DerivedSources/i386 -I/Developer/Projects/iPad/GuardianNarratives/build/GuardianNarratives.build/Debug-iphonesimulator/GuardianNarratives.build/DerivedSources -include /var/folders/Vz/VzgzGfVSEgS4G-udQ8Rj5k+++TI/-Caches-/com.apple.Xcode.501/SharedPrecompiledHeaders/GuardianNarratives_Prefix-eplgnqeyfpzmovebmsiguslmjuci/GuardianNarratives_Prefix.pch -c /Developer/Projects/iPad/GuardianNarratives/Classes/JSON/SBJsonBase.m -o /Developer/Projects/iPad/GuardianNarratives/build/GuardianNarratives.build/Debug-iphonesimulator/GuardianNarratives.build/Objects-normal/i386/SBJsonBase.o0#

CCompileC build/GuardianNarratives.build/Debug-iphonesimulator/GuardianNarratives.build/Objects-normal/i386/SBJsonParser.o /Developer/Projects/iPad/GuardianNarratives/Classes/JSON/SBJsonParser.m normal i386 objective-c com.apple.compilers.gcc.4_2
s314390719.795889
e314390719.948650
r1
xCompileC
xbuild/GuardianNarratives.build/Debug-iphonesimulator/GuardianNarratives.build/Objects-normal/i386/SBJsonParser.o
x/Developer/Projects/iPad/GuardianNarratives/Classes/JSON/SBJsonParser.m
xnormal
xi386
xobjective-c
xcom.apple.compilers.gcc.4_2
lSLF07#2@79"Compile /Developer/Projects/iPad/GuardianNarratives/Classes/JSON/SBJsonParser.m314390719#314390719#0(0"0(0#0#71"/Developer/Projects/iPad/GuardianNarratives/Classes/JSON/SBJsonParser.m8630991840#2218"    cd /Developer/Projects/iPad/GuardianNarratives    setenv LANG en_US.US-ASCII    setenv PATH "/Developer/Platforms/iPhoneSimulator.platform/Developer/usr/bin:/Developer/usr/bin:/usr/bin:/bin:/usr/sbin:/sbin"    /Developer/Platforms/iPhoneSimulator.platform/Developer/usr/bin/gcc-4.2 -x objective-c -arch i386 -fmessage-length=0 -pipe -std=c99 -Wno-trigraphs -fpascal-strings -fasm-blocks -O0 -Wreturn-type -Wunused-variable -isysroot /Developer/Platforms/iPhoneSimulator.platform/Developer/SDKs/iPhoneSimulator4.2.sdk -fexceptions -fvisibility=hidden -mmacosx-version-min=10.6 -gdwarf-2 -fobjc-abi-version=2 -fobjc-legacy-dispatch -D__IPHONE_OS_VERSION_MIN_REQUIRED=40200 -iquote /Developer/Projects/iPad/GuardianNarratives/build/GuardianNarratives.build/Debug-iphonesimulator/GuardianNarratives.build/GuardianNarratives-generated-files.hmap -I/Developer/Projects/iPad/GuardianNarratives/build/GuardianNarratives.build/Debug-iphonesimulator/GuardianNarratives.build/GuardianNarratives-own-target-headers.hmap -I/Developer/Projects/iPad/GuardianNarratives/build/GuardianNarratives.build/Debug-iphonesimulator/GuardianNarratives.build/GuardianNarratives-all-target-headers.hmap -iquote /Developer/Projects/iPad/GuardianNarratives/build/GuardianNarratives.build/Debug-iphonesimulator/GuardianNarratives.build/GuardianNarratives-project-headers.hmap -F/Developer/Projects/iPad/GuardianNarratives/build/Debug-iphonesimulator -I/Developer/Projects/iPad/GuardianNarratives/build/Debug-iphonesimulator/include -I/Developer/Projects/iPad/GuardianNarratives/build/GuardianNarratives.build/Debug-iphonesimulator/GuardianNarratives.build/DerivedSources/i386 -I/Developer/Projects/iPad/GuardianNarratives/build/GuardianNarratives.build/Debug-iphonesimulator/GuardianNarratives.build/DerivedSources -include /var/folders/Vz/VzgzGfVSEgS4G-udQ8Rj5k+++TI/-Caches-/com.apple.Xcode.501/SharedPrecompiledHeaders/GuardianNarratives_Prefix-eplgnqeyfpzmovebmsiguslmjuci/GuardianNarratives_Prefix.pch -c /Developer/Projects/iPad/GuardianNarratives/Classes/JSON/SBJsonParser.m -o /Developer/Projects/iPad/GuardianNarratives/build/GuardianNarratives.build/Debug-iphonesimulator/GuardianNarratives.build/Objects-normal/i386/SBJsonParser.o0#

CCompileC build/GuardianNarratives.build/Debug-iphonesimulator/GuardianNarratives.build/Objects-normal/i386/SBJsonWriter.o /Developer/Projects/iPad/GuardianNarratives/Classes/JSON/SBJsonWriter.m normal i386 objective-c com.apple.compilers.gcc.4_2
s314390719.857861
e314390719.968665
r1
xCompileC
xbuild/GuardianNarratives.build/Debug-iphonesimulator/GuardianNarratives.build/Objects-normal/i386/SBJsonWriter.o
x/Developer/Projects/iPad/GuardianNarratives/Classes/JSON/SBJsonWriter.m
xnormal
xi386
xobjective-c
xcom.apple.compilers.gcc.4_2
lSLF07#2@79"Compile /Developer/Projects/iPad/GuardianNarratives/Classes/JSON/SBJsonWriter.m314390719#314390719#0(0"0(0#0#71"/Developer/Projects/iPad/GuardianNarratives/Classes/JSON/SBJsonWriter.m8616846464#2218"    cd /Developer/Projects/iPad/GuardianNarratives    setenv LANG en_US.US-ASCII    setenv PATH "/Developer/Platforms/iPhoneSimulator.platform/Developer/usr/bin:/Developer/usr/bin:/usr/bin:/bin:/usr/sbin:/sbin"    /Developer/Platforms/iPhoneSimulator.platform/Developer/usr/bin/gcc-4.2 -x objective-c -arch i386 -fmessage-length=0 -pipe -std=c99 -Wno-trigraphs -fpascal-strings -fasm-blocks -O0 -Wreturn-type -Wunused-variable -isysroot /Developer/Platforms/iPhoneSimulator.platform/Developer/SDKs/iPhoneSimulator4.2.sdk -fexceptions -fvisibility=hidden -mmacosx-version-min=10.6 -gdwarf-2 -fobjc-abi-version=2 -fobjc-legacy-dispatch -D__IPHONE_OS_VERSION_MIN_REQUIRED=40200 -iquote /Developer/Projects/iPad/GuardianNarratives/build/GuardianNarratives.build/Debug-iphonesimulator/GuardianNarratives.build/GuardianNarratives-generated-files.hmap -I/Developer/Projects/iPad/GuardianNarratives/build/GuardianNarratives.build/Debug-iphonesimulator/GuardianNarratives.build/GuardianNarratives-own-target-headers.hmap -I/Developer/Projects/iPad/GuardianNarratives/build/GuardianNarratives.build/Debug-iphonesimulator/GuardianNarratives.build/GuardianNarratives-all-target-headers.hmap -iquote /Developer/Projects/iPad/GuardianNarratives/build/GuardianNarratives.build/Debug-iphonesimulator/GuardianNarratives.build/GuardianNarratives-project-headers.hmap -F/Developer/Projects/iPad/GuardianNarratives/build/Debug-iphonesimulator -I/Developer/Projects/iPad/GuardianNarratives/build/Debug-iphonesimulator/include -I/Developer/Projects/iPad/GuardianNarratives/build/GuardianNarratives.build/Debug-iphonesimulator/GuardianNarratives.build/DerivedSources/i386 -I/Developer/Projects/iPad/GuardianNarratives/build/GuardianNarratives.build/Debug-iphonesimulator/GuardianNarratives.build/DerivedSources -include /var/folders/Vz/VzgzGfVSEgS4G-udQ8Rj5k+++TI/-Caches-/com.apple.Xcode.501/SharedPrecompiledHeaders/GuardianNarratives_Prefix-eplgnqeyfpzmovebmsiguslmjuci/GuardianNarratives_Prefix.pch -c /Developer/Projects/iPad/GuardianNarratives/Classes/JSON/SBJsonWriter.m -o /Developer/Projects/iPad/GuardianNarratives/build/GuardianNarratives.build/Debug-iphonesimulator/GuardianNarratives.build/Objects-normal/i386/SBJsonWriter.o0#

CCompileC build/GuardianNarratives.build/Debug-iphonesimulator/GuardianNarratives.build/Objects-normal/i386/main.o /Developer/Projects/iPad/GuardianNarratives/main.m normal i386 objective-c com.apple.compilers.gcc.4_2
s314303378.227333
e314303378.290314
r1
xCompileC
xbuild/GuardianNarratives.build/Debug-iphonesimulator/GuardianNarratives.build/Objects-normal/i386/main.o
x/Developer/Projects/iPad/GuardianNarratives/main.m
xnormal
xi386
xobjective-c
xcom.apple.compilers.gcc.4_2
lSLF07#2@58"Compile /Developer/Projects/iPad/GuardianNarratives/main.m314303378#314303378#0(0"0(0#0#50"/Developer/Projects/iPad/GuardianNarratives/main.m8616113696#2189"    cd /Developer/Projects/iPad/GuardianNarratives    setenv LANG en_US.US-ASCII    setenv PATH "/Developer/Platforms/iPhoneSimulator.platform/Developer/usr/bin:/Developer/usr/bin:/usr/bin:/bin:/usr/sbin:/sbin"    /Developer/Platforms/iPhoneSimulator.platform/Developer/usr/bin/gcc-4.2 -x objective-c -arch i386 -fmessage-length=0 -pipe -std=c99 -Wno-trigraphs -fpascal-strings -fasm-blocks -O0 -Wreturn-type -Wunused-variable -isysroot /Developer/Platforms/iPhoneSimulator.platform/Developer/SDKs/iPhoneSimulator4.2.sdk -fexceptions -fvisibility=hidden -mmacosx-version-min=10.6 -gdwarf-2 -fobjc-abi-version=2 -fobjc-legacy-dispatch -D__IPHONE_OS_VERSION_MIN_REQUIRED=40200 -iquote /Developer/Projects/iPad/GuardianNarratives/build/GuardianNarratives.build/Debug-iphonesimulator/GuardianNarratives.build/GuardianNarratives-generated-files.hmap -I/Developer/Projects/iPad/GuardianNarratives/build/GuardianNarratives.build/Debug-iphonesimulator/GuardianNarratives.build/GuardianNarratives-own-target-headers.hmap -I/Developer/Projects/iPad/GuardianNarratives/build/GuardianNarratives.build/Debug-iphonesimulator/GuardianNarratives.build/GuardianNarratives-all-target-headers.hmap -iquote /Developer/Projects/iPad/GuardianNarratives/build/GuardianNarratives.build/Debug-iphonesimulator/GuardianNarratives.build/GuardianNarratives-project-headers.hmap -F/Developer/Projects/iPad/GuardianNarratives/build/Debug-iphonesimulator -I/Developer/Projects/iPad/GuardianNarratives/build/Debug-iphonesimulator/include -I/Developer/Projects/iPad/GuardianNarratives/build/GuardianNarratives.build/Debug-iphonesimulator/GuardianNarratives.build/DerivedSources/i386 -I/Developer/Projects/iPad/GuardianNarratives/build/GuardianNarratives.build/Debug-iphonesimulator/GuardianNarratives.build/DerivedSources -include /var/folders/Vz/VzgzGfVSEgS4G-udQ8Rj5k+++TI/-Caches-/com.apple.Xcode.501/SharedPrecompiledHeaders/GuardianNarratives_Prefix-eplgnqeyfpzmovebmsiguslmjuci/GuardianNarratives_Prefix.pch -c /Developer/Projects/iPad/GuardianNarratives/main.m -o /Developer/Projects/iPad/GuardianNarratives/build/GuardianNarratives.build/Debug-iphonesimulator/GuardianNarratives.build/Objects-normal/i386/main.o0#

CCompileXIB /Developer/Projects/iPad/GuardianNarratives/GuardianNarrativesViewController.xib
s314401587.458607
e314401587.959897
r1
xCompileXIB
x/Developer/Projects/iPad/GuardianNarratives/GuardianNarrativesViewController.xib
lSLF07#2@47"CompileXIB GuardianNarrativesViewController.xib314401587#314401587#0(0"0(0#0#80"/Developer/Projects/iPad/GuardianNarratives/GuardianNarrativesViewController.xib8620764640#640"    cd /Developer/Projects/iPad/GuardianNarratives    setenv IBC_MINIMUM_COMPATIBILITY_VERSION 4.2    setenv PATH "/Developer/Platforms/iPhoneSimulator.platform/Developer/usr/bin:/Developer/usr/bin:/usr/bin:/bin:/usr/sbin:/sbin"    /Developer/usr/bin/ibtool --errors --warnings --notices --output-format human-readable-text --compile /Developer/Projects/iPad/GuardianNarratives/build/Debug-iphonesimulator/GuardianNarratives.app/GuardianNarrativesViewController.nib /Developer/Projects/iPad/GuardianNarratives/GuardianNarrativesViewController.xib --sdk /Developer/Platforms/iPhoneSimulator.platform/Developer/SDKs/iPhoneSimulator4.2.sdk0#

CCompileXIB /Developer/Projects/iPad/GuardianNarratives/MainWindow.xib
s314303376.779444
e314303377.232941
r1
xCompileXIB
x/Developer/Projects/iPad/GuardianNarratives/MainWindow.xib
lSLF07#2@25"CompileXIB MainWindow.xib314303376#314303377#0(0"0(0#0#58"/Developer/Projects/iPad/GuardianNarratives/MainWindow.xib8619132704#596"    cd /Developer/Projects/iPad/GuardianNarratives    setenv IBC_MINIMUM_COMPATIBILITY_VERSION 4.2    setenv PATH "/Developer/Platforms/iPhoneSimulator.platform/Developer/usr/bin:/Developer/usr/bin:/usr/bin:/bin:/usr/sbin:/sbin"    /Developer/usr/bin/ibtool --errors --warnings --notices --output-format human-readable-text --compile /Developer/Projects/iPad/GuardianNarratives/build/Debug-iphonesimulator/GuardianNarratives.app/MainWindow.nib /Developer/Projects/iPad/GuardianNarratives/MainWindow.xib --sdk /Developer/Platforms/iPhoneSimulator.platform/Developer/SDKs/iPhoneSimulator4.2.sdk0#

CCpResource build/Debug-iphonesimulator/GuardianNarratives.app/guardian_logo.png guardian_logo.png
s314381470.307603
e314381470.391697
r1
xCpResource
xbuild/Debug-iphonesimulator/GuardianNarratives.app/guardian_logo.png
xguardian_logo.png
lSLF07#2@22"Copy guardian_logo.png314381470#314381470#0(0"0(0#0#61"/Developer/Projects/iPad/GuardianNarratives/guardian_logo.png8598266240#501"    cd /Developer/Projects/iPad/GuardianNarratives    setenv PATH "/Developer/Platforms/iPhoneSimulator.platform/Developer/usr/bin:/Developer/usr/bin:/usr/bin:/bin:/usr/sbin:/sbin"    /Developer/Library/PrivateFrameworks/DevToolsCore.framework/Resources/pbxcp -exclude .DS_Store -exclude CVS -exclude .svn -exclude .git -resolve-src-symlinks /Developer/Projects/iPad/GuardianNarratives/guardian_logo.png /Developer/Projects/iPad/GuardianNarratives/build/Debug-iphonesimulator/GuardianNarratives.app0#

CGenerateDSYMFile /Developer/Projects/iPad/GuardianNarratives/build/Debug-iphonesimulator/GuardianNarratives.app.dSYM /Developer/Projects/iPad/GuardianNarratives/build/Debug-iphonesimulator/GuardianNarratives.app/GuardianNarratives
s314401918.831123
e314401918.852153
r1
xGenerateDSYMFile
x/Developer/Projects/iPad/GuardianNarratives/build/Debug-iphonesimulator/GuardianNarratives.app.dSYM
x/Developer/Projects/iPad/GuardianNarratives/build/Debug-iphonesimulator/GuardianNarratives.app/GuardianNarratives
lSLF07#2@142"GenerateDSYMFile build/Debug-iphonesimulator/GuardianNarratives.app.dSYM build/Debug-iphonesimulator/GuardianNarratives.app/GuardianNarratives314401918#314401918#0(0"0(0#0#113"/Developer/Projects/iPad/GuardianNarratives/build/Debug-iphonesimulator/GuardianNarratives.app/GuardianNarratives8616736192#431"    cd /Developer/Projects/iPad/GuardianNarratives    setenv PATH "/Developer/Platforms/iPhoneSimulator.platform/Developer/usr/bin:/Developer/usr/bin:/usr/bin:/bin:/usr/sbin:/sbin"    /Developer/usr/bin/dsymutil /Developer/Projects/iPad/GuardianNarratives/build/Debug-iphonesimulator/GuardianNarratives.app/GuardianNarratives -o /Developer/Projects/iPad/GuardianNarratives/build/Debug-iphonesimulator/GuardianNarratives.app.dSYM0#

CLd /Developer/Projects/iPad/GuardianNarratives/build/Debug-iphonesimulator/GuardianNarratives.app/GuardianNarratives normal i386
s314401918.797779
e314401918.830971
r1
xLd
x/Developer/Projects/iPad/GuardianNarratives/build/Debug-iphonesimulator/GuardianNarratives.app/GuardianNarratives
xnormal
xi386
lSLF07#2@118"Link /Developer/Projects/iPad/GuardianNarratives/build/Debug-iphonesimulator/GuardianNarratives.app/GuardianNarratives314401918#314401918#0(0"0(0#0#0"8616401312#980"    cd /Developer/Projects/iPad/GuardianNarratives    setenv MACOSX_DEPLOYMENT_TARGET 10.6    setenv PATH "/Developer/Platforms/iPhoneSimulator.platform/Developer/usr/bin:/Developer/usr/bin:/usr/bin:/bin:/usr/sbin:/sbin"    /Developer/Platforms/iPhoneSimulator.platform/Developer/usr/bin/gcc-4.2 -arch i386 -isysroot /Developer/Platforms/iPhoneSimulator.platform/Developer/SDKs/iPhoneSimulator4.2.sdk -L/Developer/Projects/iPad/GuardianNarratives/build/Debug-iphonesimulator -F/Developer/Projects/iPad/GuardianNarratives/build/Debug-iphonesimulator -filelist /Developer/Projects/iPad/GuardianNarratives/build/GuardianNarratives.build/Debug-iphonesimulator/GuardianNarratives.build/Objects-normal/i386/GuardianNarratives.LinkFileList -mmacosx-version-min=10.6 -Xlinker -objc_abi_version -Xlinker 2 -framework Foundation -framework UIKit -framework CoreGraphics -o /Developer/Projects/iPad/GuardianNarratives/build/Debug-iphonesimulator/GuardianNarratives.app/GuardianNarratives0#

CProcessInfoPlistFile /Developer/Projects/iPad/GuardianNarratives/build/Debug-iphonesimulator/GuardianNarratives.app/Info.plist GuardianNarratives-Info.plist
s314303376.775289
e314303376.779350
r1
xProcessInfoPlistFile
x/Developer/Projects/iPad/GuardianNarratives/build/Debug-iphonesimulator/GuardianNarratives.app/Info.plist
xGuardianNarratives-Info.plist
lSLF07#2@37"Process GuardianNarratives-Info.plist314303376#314303376#0(0"0(0#0#73"/Developer/Projects/iPad/GuardianNarratives/GuardianNarratives-Info.plist8620844704#527"    cd /Developer/Projects/iPad/GuardianNarratives    setenv PATH "/Developer/Platforms/iPhoneSimulator.platform/Developer/usr/bin:/Developer/usr/bin:/usr/bin:/bin:/usr/sbin:/sbin"    builtin-infoPlistUtility GuardianNarratives-Info.plist -genpkginfo /Developer/Projects/iPad/GuardianNarratives/build/Debug-iphonesimulator/GuardianNarratives.app/PkgInfo -expandbuildsettings -format binary -platform iphonesimulator -o /Developer/Projects/iPad/GuardianNarratives/build/Debug-iphonesimulator/GuardianNarratives.app/Info.plist0#

CProcessPCH /var/folders/Vz/VzgzGfVSEgS4G-udQ8Rj5k+++TI/-Caches-/com.apple.Xcode.501/SharedPrecompiledHeaders/GuardianNarratives_Prefix-eplgnqeyfpzmovebmsiguslmjuci/GuardianNarratives_Prefix.pch.gch GuardianNarratives_Prefix.pch normal i386 objective-c com.apple.compilers.gcc.4_2
s314402153.643979
e314402154.500823
r1
xProcessPCH
x/var/folders/Vz/VzgzGfVSEgS4G-udQ8Rj5k+++TI/-Caches-/com.apple.Xcode.501/SharedPrecompiledHeaders/GuardianNarratives_Prefix-eplgnqeyfpzmovebmsiguslmjuci/GuardianNarratives_Prefix.pch.gch
xGuardianNarratives_Prefix.pch
xnormal
xi386
xobjective-c
xcom.apple.compilers.gcc.4_2
lSLF07#2@40"Precompile GuardianNarratives_Prefix.pch314402153#314402154#0(0"0(0#0#73"/Developer/Projects/iPad/GuardianNarratives/GuardianNarratives_Prefix.pch7011663034521515008#2065"    cd /Developer/Projects/iPad/GuardianNarratives    setenv LANG en_US.US-ASCII    setenv PATH "/Developer/Platforms/iPhoneSimulator.platform/Developer/usr/bin:/Developer/usr/bin:/usr/bin:/bin:/usr/sbin:/sbin"    /Developer/Platforms/iPhoneSimulator.platform/Developer/usr/bin/gcc-4.2 -x objective-c-header -arch i386 -fmessage-length=0 -pipe -std=c99 -Wno-trigraphs -fpascal-strings -fasm-blocks -O0 -Wreturn-type -Wunused-variable -isysroot /Developer/Platforms/iPhoneSimulator.platform/Developer/SDKs/iPhoneSimulator4.2.sdk -fexceptions -fvisibility=hidden -mmacosx-version-min=10.6 -gdwarf-2 -fobjc-abi-version=2 -fobjc-legacy-dispatch -D__IPHONE_OS_VERSION_MIN_REQUIRED=40200 -iquote /Developer/Projects/iPad/GuardianNarratives/build/GuardianNarratives.build/Debug-iphonesimulator/GuardianNarratives.build/GuardianNarratives-generated-files.hmap -I/Developer/Projects/iPad/GuardianNarratives/build/GuardianNarratives.build/Debug-iphonesimulator/GuardianNarratives.build/GuardianNarratives-own-target-headers.hmap -I/Developer/Projects/iPad/GuardianNarratives/build/GuardianNarratives.build/Debug-iphonesimulator/GuardianNarratives.build/GuardianNarratives-all-target-headers.hmap -iquote /Developer/Projects/iPad/GuardianNarratives/build/GuardianNarratives.build/Debug-iphonesimulator/GuardianNarratives.build/GuardianNarratives-project-headers.hmap -F/Developer/Projects/iPad/GuardianNarratives/build/Debug-iphonesimulator -I/Developer/Projects/iPad/GuardianNarratives/build/Debug-iphonesimulator/include -I/Developer/Projects/iPad/GuardianNarratives/build/GuardianNarratives.build/Debug-iphonesimulator/GuardianNarratives.build/DerivedSources/i386 -I/Developer/Projects/iPad/GuardianNarratives/build/GuardianNarratives.build/Debug-iphonesimulator/GuardianNarratives.build/DerivedSources -c /Developer/Projects/iPad/GuardianNarratives/GuardianNarratives_Prefix.pch -o /var/folders/Vz/VzgzGfVSEgS4G-udQ8Rj5k+++TI/-Caches-/com.apple.Xcode.501/SharedPrecompiledHeaders/GuardianNarratives_Prefix-eplgnqeyfpzmovebmsiguslmjuci/GuardianNarratives_Prefix.pch.gch0#

CTouch /Developer/Projects/iPad/GuardianNarratives/build/Debug-iphonesimulator/GuardianNarratives.app
s314401918.852241
e314401918.854844
r1
xTouch
x/Developer/Projects/iPad/GuardianNarratives/build/Debug-iphonesimulator/GuardianNarratives.app
lSLF07#2@100"Touch /Developer/Projects/iPad/GuardianNarratives/build/Debug-iphonesimulator/GuardianNarratives.app314401918#314401918#0(0"0(0#0#0"8621259616#299"    cd /Developer/Projects/iPad/GuardianNarratives    setenv PATH "/Developer/Platforms/iPhoneSimulator.platform/Developer/usr/bin:/Developer/usr/bin:/usr/bin:/bin:/usr/sbin:/sbin"    /usr/bin/touch -c /Developer/Projects/iPad/GuardianNarratives/build/Debug-iphonesimulator/GuardianNarratives.app0#

